<?xml version="1.0" encoding="UTF-8"?>
<testsuite name="MusicAdvisorTest" tests="1" skipped="0" failures="0" errors="0" timestamp="2021-06-30T14:28:48" hostname="DESKTOP-L5S6JTB" time="30.767">
  <properties/>
  <testcase name="start" classname="MusicAdvisorTest" time="30.767"/>
  <system-out><![CDATA[?[1;31m
Start test 1?[0m
> auth
use this link to request the access code:
http://127.0.0.1:45678/authorize?client_id=77cba4defa9c4b858554988385a439e6&redirect_uri=http://localhost:8080&response_type=code
waiting for code...
Tester: making requests to redirect uri: http://localhost:8080
Tester: done request 1: Authorization code not found. Try again.
Tester: done request 2: Authorization code not found. Try again.
Tester: done request 3: Got the code. Return back to your program.
code received
making http request for access_token...
success!
> exit
---GOODBYE!---
?[1;31m
Start test 2?[0m
> auth
use this link to request the access code:
http://127.0.0.1:45678/authorize?client_id=77cba4defa9c4b858554988385a439e6&redirect_uri=http://localhost:8080&response_type=code
waiting for code...
Tester: making requests to redirect uri: http://localhost:8080
Tester: done request 1: Authorization code not found. Try again.
Tester: done request 2: Authorization code not found. Try again.
Tester: done request 3: Got the code. Return back to your program.
code received
making http request for access_token...
success!
> categories
Top Lists
---PAGE 1 OF 3---
> next
Super Mood
---PAGE 2 OF 3---
> next
Party Time
---PAGE 3 OF 3---
> prev
Super Mood
---PAGE 2 OF 3---
> prev
Top Lists
---PAGE 1 OF 3---
?[1;31m
Start test 3?[0m
> auth
use this link to request the access code:
http://127.0.0.1:45678/authorize?client_id=77cba4defa9c4b858554988385a439e6&redirect_uri=http://localhost:8080&response_type=code
waiting for code...
Tester: making requests to redirect uri: http://localhost:8080
Tester: done request 1: Authorization code not found. Try again.
Tester: done request 2: Authorization code not found. Try again.
Tester: done request 3: Got the code. Return back to your program.
code received
making http request for access_token...
success!
> featured
Monday Morning Mood
http://open.spotify.com/user/spotify/playlist/6ftJBzU2LLQcaKefMi7ee7

---PAGE 1 OF 2---
> next
Upp och hoppa!
http://open.spotify.com/user/spotify__sverige/playlist/4uOEx4OUrkoGNZoIlWMUbO

---PAGE 2 OF 2---
> prev
Monday Morning Mood
http://open.spotify.com/user/spotify/playlist/6ftJBzU2LLQcaKefMi7ee7

---PAGE 1 OF 2---
> exit
---GOODBYE!---
?[1;31m
Start test 4?[0m
> auth
use this link to request the access code:
http://127.0.0.1:45678/authorize?client_id=77cba4defa9c4b858554988385a439e6&redirect_uri=http://localhost:8080&response_type=code
waiting for code...
Tester: making requests to redirect uri: http://localhost:8080
Tester: done request 1: Authorization code not found. Try again.
Tester: done request 2: Authorization code not found. Try again.
Tester: done request 3: Got the code. Return back to your program.
code received
making http request for access_token...
success!
> new
Runnin'
[Pharrell Williams]
https://open.spotify.com/album/5ZX4m5aVSmWQ5iHAPQpT71

---PAGE 1 OF 2---
> prev
No more pages.
> next
Sneakin'
[Drake2]
https://open.spotify.com/album/0geTzdk2InlqIoB16fW9Nd

---PAGE 2 OF 2---
> next
No more pages.
> prev
Runnin'
[Pharrell Williams]
https://open.spotify.com/album/5ZX4m5aVSmWQ5iHAPQpT71

---PAGE 1 OF 2---
> exit
---GOODBYE!---
?[1;31m
Start test 5?[0m
> auth
use this link to request the access code:
http://127.0.0.1:45678/authorize?client_id=77cba4defa9c4b858554988385a439e6&redirect_uri=http://localhost:8080&response_type=code
waiting for code...
Tester: making requests to redirect uri: http://localhost:8080
Tester: done request 1: Authorization code not found. Try again.
Tester: done request 2: Authorization code not found. Try again.
Tester: done request 3: Got the code. Return back to your program.
code received
making http request for access_token...
success!
> playlists Party Time
inputCategory = Party Time
Top Lists
Super Mood
Party Time
Нашли
party
{"playlists":{"href":"https://api.spotify.com/v1/browse/categories/party/playlists?offset=0&limit=20","items":[{"collaborative":false,"external_urls":{"spotify":"http://open.spotify.com/user/spotifybrazilian/playlist/4k7EZPI3uKMz4aRRrLVfen"},"href":"https://api.spotify.com/v1/users/spotifybrazilian/playlists/4k7EZPI3uKMz4aRRrLVfen","id":"4k7EZPI3uKMz4aRRrLVfen","images":[{"height":300,"url":"https://i.scdn.co/image/bf6544c213532e9650088dfef76c8521093d970e","width":300}],"name":"Noite Eletronica","owner":{"external_urls":{"spotify":"http://open.spotify.com/user/spotifybrazilian"},"href":"https://api.spotify.com/v1/users/spotifybrazilian","id":"spotifybrazilian","type":"user","uri":"spotify:user:spotifybrazilian"},"public":null,"snapshot_id":"PULvu1V2Ps8lzCxNXfNZTw4QbhBpaV0ZORc03Mw6oj6kQw9Ks2REwhL5Xcw/74wL","tracks":{"href":"https://api.spotify.com/v1/users/spotifybrazilian/playlists/4k7EZPI3uKMz4aRRrLVfen/tracks","total":100},"type":"playlist","uri":"spotify:user:spotifybrazilian:playlist:4k7EZPI3uKMz4aRRrLVfen"},{"collaborative":false,"external_urls":{"spotify":"http://open.spotify.com/user/spotifybrazilian/playlist/4HZh0C9y80GzHDbHZyX770"},"href":"https://api.spotify.com/v1/users/spotifybrazilian/playlists/4HZh0C9y80GzHDbHZyX770","id":"4HZh0C9y80GzHDbHZyX770","images":[{"height":300,"url":"https://i.scdn.co/image/be6c333146674440123073cb32c1c8b851e69023","width":300}],"name":"Festa Indie","owner":{"external_urls":{"spotify":"http://open.spotify.com/user/spotifybrazilian"},"href":"https://api.spotify.com/v1/users/spotifybrazilian","id":"spotifybrazilian","type":"user","uri":"spotify:user:spotifybrazilian"},"public":null,"snapshot_id":"V66hh9k2HnLCdzHvtoXPv+tm0jp3ODM63SZ0oISfGnlHQxwG/scupDbKgIo99Zfz","tracks":{"href":"https://api.spotify.com/v1/users/spotifybrazilian/playlists/4HZh0C9y80GzHDbHZyX770/tracks","total":74},"type":"playlist","uri":"spotify:user:spotifybrazilian:playlist:4HZh0C9y80GzHDbHZyX770"}],"limit":20,"next":null,"offset":0,"previous":null,"total":2}}
Noite Eletronica
http://open.spotify.com/user/spotifybrazilian/playlist/4k7EZPI3uKMz4aRRrLVfen

---PAGE 1 OF 2---
> next
Festa Indie
http://open.spotify.com/user/spotifybrazilian/playlist/4HZh0C9y80GzHDbHZyX770

---PAGE 2 OF 2---
> prev
Noite Eletronica
http://open.spotify.com/user/spotifybrazilian/playlist/4k7EZPI3uKMz4aRRrLVfen

---PAGE 1 OF 2---
> exit
---GOODBYE!---
]]></system-out>
  <system-err><![CDATA[]]></system-err>
</testsuite>
